Arguments: 
  C:\Program Files\nodejs\node.exe C:\Program Files (x86)\Yarn\bin\yarn.js add vuepress

PATH: 
  C:\Windows\system32;C:\Windows;C:\Windows\System32\Wbem;C:\Windows\System32\WindowsPowerShell\v1.0\;C:\Windows\System32\OpenSSH\;C:\Program Files (x86)\Yarn\bin\;C:\Program Files\Git\cmd;C:\Program Files\nodejs\;D:\phpstudy_pro\Extensions\php\php7.3.4nts;C:\ProgramData\ComposerSetup\bin;C:\Program Files\Java\jdk-14.0.1\bin;F:\mysql-8.0.20-winx64\bin;;C:\Program Files\Docker\Docker\resources\bin;C:\ProgramData\DockerDesktop\version-bin;C:\Users\Administrator\AppData\Local\Programs\Python\Python38\Scripts\;C:\Users\Administrator\AppData\Local\Programs\Python\Python38\;C:\Users\Administrator\.windows-build-tools\python27\;C:\Users\Administrator\AppData\Local\Microsoft\WindowsApps;C:\Users\Administrator\AppData\Local\Yarn\bin;C:\Program Files\nodejs\;C:\Users\Administrator\AppData\Local\Programs\Microsoft VS Code\bin;C:\Users\Administrator\AppData\Roaming\npm;C:\Windows\cmder\bin\Cmder.exe;C:\Users\Administrator\AppData\Roaming\Composer\vendor\bin;D:\phpstudy_pro\Extensions\composer1.8.5;C:\Program Files\Java\jdk-14.0.1\bin;F:\mysql-8.0.20-winx64\bin;

Yarn version: 
  1.13.0

Node version: 
  12.14.1

Platform: 
  win32 x64

Trace: 
  Error: ENOENT: no such file or directory, copyfile 'C:\Users\Administrator\AppData\Local\Yarn\Cache\v4\npm-ms-2.1.2-d09d1f357b443f493382a8eb3ccd183872ae6009\node_modules\ms\index.js' -> 'E:\QianKunTest\master\node_modules\@babel\core\node_modules\ms\index.js'

npm manifest: 
  {
    "name": "@vue-materials/vue-cli3",
    "version": "1.3.7",
    "author": "uufe",
    "scripts": {
      "serve": "vue-cli-service serve",
      "build": "vue-cli-service build",
      "lint": "vue-cli-service lint",
      "dev": "vue-cli-service serve",
      "new:page": "node ./scripts/generateView",
      "new:comp": "node ./scripts/generateComponent",
      "zip": "vue-cli-service build && gulp default --note"
    },
    "dependencies": {
      "amfe-flexible": "^2.2.1",
      "better-scroll": "^1.13.2",
      "chalk": "^4.0.0",
      "compression-webpack-plugin": "^3.1.0",
      "core-js": "^3.6.4",
      "dayjs": "^1.8.26",
      "gulp": "^4.0.2",
      "gulp-clean": "^0.4.0",
      "gulp-zip": "^5.0.0",
      "jquery": "^3.3.1",
      "stylus": "^0.54.5",
      "stylus-loader": "^3.0.2",
      "vue": "^2.5.17",
      "vue-router": "^3.0.1",
      "webpack-bundle-analyzer": "^3.7.0",
      "weixin-js-sdk": "^1.3.3",
      "zepto": "^1.2.0",
      "qiankun":"^2.0.15"
    },
    "devDependencies": {
      "@vue/cli-plugin-babel": "~4.3.1",
      "@vue/cli-plugin-eslint": "~4.3.1",
      "@vue/cli-service": "~4.3.1",
      "@vue/eslint-config-airbnb": "^5.0.2",
      "axios": "^0.18.0",
      "babel-eslint": "^10.1.0",
      "eslint": "^6.7.2",
      "eslint-plugin-import": "^2.20.2",
      "eslint-plugin-vue": "^6.2.2",
      "less": "^3.0.4",
      "less-loader": "^4.1.0",
      "postcss-px2rem": "^0.3.0",
      "vue-template-compiler": "^2.5.17"
    },
    "config": {
      "name": "vue-cli3",
      "title": "Vue Cli3",
      "screenshot": "https://uufefile.uupt.com/PicLib/bomb/images/1535163897533.jpg",
      "classify": "frontend",
      "type": "vue",
      "block": "scaffolds"
    },
    "keywords": [
      "bomb",
      "ice-scaffold"
    ],
    "license": "MIT",
    "publishConfig": {
      "access": "public",
      "registry": "http://192.168.5.66:7001"
    },
    "repository": {
      "type": "git",
      "url": "https://uugit.mit.cn/Web/PubLibs/UUPT.Bomb/Bomb.Materials"
    }
  }

yarn manifest: 
  No manifest

Lockfile: 
  No lockfile
